C:\DOCUMENTS AND SETTINGS\BENJAMIN\DESKTOP\GAME PROGRAMMING\AWOL_FINAL\DEBUG\ARTASSETLIBRARY.OBJ
C:\DOCUMENTS AND SETTINGS\BENJAMIN\DESKTOP\GAME PROGRAMMING\AWOL_FINAL\DEBUG\BULLET.OBJ
C:\DOCUMENTS AND SETTINGS\BENJAMIN\DESKTOP\GAME PROGRAMMING\AWOL_FINAL\DEBUG\BULLETFACTORY.OBJ
C:\DOCUMENTS AND SETTINGS\BENJAMIN\DESKTOP\GAME PROGRAMMING\AWOL_FINAL\DEBUG\CARRIER.OBJ
C:\DOCUMENTS AND SETTINGS\BENJAMIN\DESKTOP\GAME PROGRAMMING\AWOL_FINAL\DEBUG\CARRIERFACTORY.OBJ
C:\Documents and Settings\Benjamin\Desktop\game programming\AWOL_FINAL\Debug\cl.command.1.tlog
C:\Documents and Settings\Benjamin\Desktop\game programming\AWOL_FINAL\Debug\CL.read.1.tlog
C:\Documents and Settings\Benjamin\Desktop\game programming\AWOL_FINAL\Debug\CL.write.1.tlog
C:\DOCUMENTS AND SETTINGS\BENJAMIN\DESKTOP\GAME PROGRAMMING\AWOL_FINAL\DEBUG\GAME.OBJ
C:\DOCUMENTS AND SETTINGS\BENJAMIN\DESKTOP\GAME PROGRAMMING\AWOL_FINAL\DEBUG\GAMEASSETLIBRARY.OBJ
C:\DOCUMENTS AND SETTINGS\BENJAMIN\DESKTOP\GAME PROGRAMMING\AWOL_FINAL\DEBUG\GAMEPHYSICS.OBJ
C:\DOCUMENTS AND SETTINGS\BENJAMIN\DESKTOP\GAME PROGRAMMING\AWOL_FINAL\DEBUG\GAMESPRITE.OBJ
C:\DOCUMENTS AND SETTINGS\BENJAMIN\DESKTOP\GAME PROGRAMMING\AWOL_FINAL\DEBUG\GRAPHICSDEVICE.OBJ
C:\DOCUMENTS AND SETTINGS\BENJAMIN\DESKTOP\GAME PROGRAMMING\AWOL_FINAL\DEBUG\HMWK.3.SOLUTION.EXE
C:\DOCUMENTS AND SETTINGS\BENJAMIN\DESKTOP\GAME PROGRAMMING\AWOL_FINAL\DEBUG\HMWK.3.SOLUTION.EXE.INTERMEDIATE.MANIFEST
C:\DOCUMENTS AND SETTINGS\BENJAMIN\DESKTOP\GAME PROGRAMMING\AWOL_FINAL\DEBUG\HMWK.3.SOLUTION.ILK
C:\DOCUMENTS AND SETTINGS\BENJAMIN\DESKTOP\GAME PROGRAMMING\AWOL_FINAL\DEBUG\HMWK.3.SOLUTION.PDB
C:\DOCUMENTS AND SETTINGS\BENJAMIN\DESKTOP\GAME PROGRAMMING\AWOL_FINAL\DEBUG\INFANTRY.OBJ
C:\DOCUMENTS AND SETTINGS\BENJAMIN\DESKTOP\GAME PROGRAMMING\AWOL_FINAL\DEBUG\INFANTRYFACTORY.OBJ
C:\DOCUMENTS AND SETTINGS\BENJAMIN\DESKTOP\GAME PROGRAMMING\AWOL_FINAL\DEBUG\INPUTDEVICE.OBJ
C:\Documents and Settings\Benjamin\Desktop\game programming\AWOL_FINAL\Debug\link.command.1.tlog
C:\Documents and Settings\Benjamin\Desktop\game programming\AWOL_FINAL\Debug\link.read.1.tlog
C:\Documents and Settings\Benjamin\Desktop\game programming\AWOL_FINAL\Debug\link.write.1.tlog
C:\DOCUMENTS AND SETTINGS\BENJAMIN\DESKTOP\GAME PROGRAMMING\AWOL_FINAL\DEBUG\MAIN.OBJ
C:\Documents and Settings\Benjamin\Desktop\game programming\AWOL_FINAL\Debug\mt.command.1.tlog
C:\Documents and Settings\Benjamin\Desktop\game programming\AWOL_FINAL\Debug\mt.read.1.tlog
C:\Documents and Settings\Benjamin\Desktop\game programming\AWOL_FINAL\Debug\mt.write.1.tlog
C:\DOCUMENTS AND SETTINGS\BENJAMIN\DESKTOP\GAME PROGRAMMING\AWOL_FINAL\DEBUG\OBJECT.OBJ
C:\DOCUMENTS AND SETTINGS\BENJAMIN\DESKTOP\GAME PROGRAMMING\AWOL_FINAL\DEBUG\PHYSICSASSETLIBRARY.OBJ
C:\DOCUMENTS AND SETTINGS\BENJAMIN\DESKTOP\GAME PROGRAMMING\AWOL_FINAL\DEBUG\PLAYER.OBJ
C:\DOCUMENTS AND SETTINGS\BENJAMIN\DESKTOP\GAME PROGRAMMING\AWOL_FINAL\DEBUG\PLAYERFACTORY.OBJ
C:\DOCUMENTS AND SETTINGS\BENJAMIN\DESKTOP\GAME PROGRAMMING\AWOL_FINAL\DEBUG\PLAYERTURRET.OBJ
C:\DOCUMENTS AND SETTINGS\BENJAMIN\DESKTOP\GAME PROGRAMMING\AWOL_FINAL\DEBUG\ROCK.OBJ
C:\DOCUMENTS AND SETTINGS\BENJAMIN\DESKTOP\GAME PROGRAMMING\AWOL_FINAL\DEBUG\ROCKFACTORY.OBJ
C:\DOCUMENTS AND SETTINGS\BENJAMIN\DESKTOP\GAME PROGRAMMING\AWOL_FINAL\DEBUG\TANK.OBJ
C:\DOCUMENTS AND SETTINGS\BENJAMIN\DESKTOP\GAME PROGRAMMING\AWOL_FINAL\DEBUG\TANKFACTORY.OBJ
C:\DOCUMENTS AND SETTINGS\BENJAMIN\DESKTOP\GAME PROGRAMMING\AWOL_FINAL\DEBUG\TINYSTR.OBJ
C:\DOCUMENTS AND SETTINGS\BENJAMIN\DESKTOP\GAME PROGRAMMING\AWOL_FINAL\DEBUG\TINYXML.OBJ
C:\DOCUMENTS AND SETTINGS\BENJAMIN\DESKTOP\GAME PROGRAMMING\AWOL_FINAL\DEBUG\TINYXMLERROR.OBJ
C:\DOCUMENTS AND SETTINGS\BENJAMIN\DESKTOP\GAME PROGRAMMING\AWOL_FINAL\DEBUG\TINYXMLPARSER.OBJ
C:\DOCUMENTS AND SETTINGS\BENJAMIN\DESKTOP\GAME PROGRAMMING\AWOL_FINAL\DEBUG\TREE.OBJ
C:\DOCUMENTS AND SETTINGS\BENJAMIN\DESKTOP\GAME PROGRAMMING\AWOL_FINAL\DEBUG\TREEFACTORY.OBJ
C:\DOCUMENTS AND SETTINGS\BENJAMIN\DESKTOP\GAME PROGRAMMING\AWOL_FINAL\DEBUG\TURRET.OBJ
C:\Documents and Settings\Benjamin\Desktop\game programming\AWOL_FINAL\Debug\vc100.idb
C:\DOCUMENTS AND SETTINGS\BENJAMIN\DESKTOP\GAME PROGRAMMING\AWOL_FINAL\DEBUG\VC100.PDB
C:\DOCUMENTS AND SETTINGS\BENJAMIN\DESKTOP\GAME PROGRAMMING\AWOL_FINAL\DEBUG\VIEW.OBJ
